  Extern.cpp
c:\users\naott\documents\visual studio 2015\projects\procon27\puzzlesolver\puzzlesolver\Evaluation.h(17): warning C4018: '<': signed と unsigned の数値を比較しようとしました。
c:\users\naott\documents\visual studio 2015\projects\procon27\puzzlesolver\puzzlesolver\Evaluation.h(23): warning C4018: '<': signed と unsigned の数値を比較しようとしました。
c:\users\naott\documents\visual studio 2015\projects\procon27\puzzlesolver\puzzlesolver\Evaluation.h(74): warning C4018: '<': signed と unsigned の数値を比較しようとしました。
c:\users\naott\documents\visual studio 2015\projects\procon27\puzzlesolver\puzzlesolver\Evaluation.h(77): warning C4244: '=': 'double' から 'int' への変換です。データが失われる可能性があります。
c:\users\naott\documents\visual studio 2015\projects\procon27\puzzlesolver\puzzlesolver\Evaluation.h(96): warning C4018: '<': signed と unsigned の数値を比較しようとしました。
c:\users\naott\documents\visual studio 2015\projects\procon27\puzzlesolver\puzzlesolver\Evaluation.h(99): warning C4244: '=': 'double' から 'int' への変換です。データが失われる可能性があります。
Extern.cpp(77): warning C4018: '<': signed と unsigned の数値を比較しようとしました。
Extern.cpp(84): warning C4018: '<': signed と unsigned の数値を比較しようとしました。
Extern.cpp(96): warning C4018: '<': signed と unsigned の数値を比較しようとしました。
Extern.cpp(110): warning C4018: '<': signed と unsigned の数値を比較しようとしました。
Extern.cpp(112): warning C4018: '<': signed と unsigned の数値を比較しようとしました。
Extern.cpp(120): warning C4018: '<': signed と unsigned の数値を比較しようとしました。
Extern.cpp(122): warning C4018: '<': signed と unsigned の数値を比較しようとしました。
Extern.cpp(133): warning C4018: '<': signed と unsigned の数値を比較しようとしました。
Extern.cpp(150): warning C4018: '<': signed と unsigned の数値を比較しようとしました。
Extern.cpp(161): warning C4018: '<': signed と unsigned の数値を比較しようとしました。
Extern.cpp(177): warning C4018: '<': signed と unsigned の数値を比較しようとしました。
Extern.cpp(185): warning C4244: '初期化中': 'double' から 'int' への変換です。データが失われる可能性があります。
Extern.cpp(186): warning C4244: '初期化中': 'double' から 'int' への変換です。データが失われる可能性があります。
Extern.cpp(192): warning C4018: '<': signed と unsigned の数値を比較しようとしました。
Extern.cpp(200): warning C4244: '初期化中': 'double' から 'int' への変換です。データが失われる可能性があります。
Extern.cpp(201): warning C4244: '初期化中': 'double' から 'int' への変換です。データが失われる可能性があります。
Extern.cpp(209): warning C4018: '<': signed と unsigned の数値を比較しようとしました。
Extern.cpp(210): warning C4018: '<': signed と unsigned の数値を比較しようとしました。
  Main.cpp
c:\users\naott\documents\visual studio 2015\projects\procon27\puzzlesolver\puzzlesolver\Evaluation.h(17): warning C4018: '<': signed と unsigned の数値を比較しようとしました。
c:\users\naott\documents\visual studio 2015\projects\procon27\puzzlesolver\puzzlesolver\Evaluation.h(23): warning C4018: '<': signed と unsigned の数値を比較しようとしました。
c:\users\naott\documents\visual studio 2015\projects\procon27\puzzlesolver\puzzlesolver\Evaluation.h(74): warning C4018: '<': signed と unsigned の数値を比較しようとしました。
c:\users\naott\documents\visual studio 2015\projects\procon27\puzzlesolver\puzzlesolver\Evaluation.h(77): warning C4244: '=': 'double' から 'int' への変換です。データが失われる可能性があります。
c:\users\naott\documents\visual studio 2015\projects\procon27\puzzlesolver\puzzlesolver\Evaluation.h(96): warning C4018: '<': signed と unsigned の数値を比較しようとしました。
c:\users\naott\documents\visual studio 2015\projects\procon27\puzzlesolver\puzzlesolver\Evaluation.h(99): warning C4244: '=': 'double' から 'int' への変換です。データが失われる可能性があります。
c:\users\naott\documents\visual studio 2015\projects\procon27\puzzlesolver\puzzlesolver\Show.h(33): warning C4018: '<': signed と unsigned の数値を比較しようとしました。
c:\users\naott\documents\visual studio 2015\projects\procon27\puzzlesolver\puzzlesolver\Show.h(59): warning C4018: '<': signed と unsigned の数値を比較しようとしました。
Main.cpp(61): warning C4018: '<': signed と unsigned の数値を比較しようとしました。
Main.cpp(63): warning C4018: '<': signed と unsigned の数値を比較しようとしました。
Main.cpp(68): warning C4018: '<': signed と unsigned の数値を比較しようとしました。
Main.cpp(103): warning C4018: '<': signed と unsigned の数値を比較しようとしました。
  Solver.cpp
c:\users\naott\documents\visual studio 2015\projects\procon27\puzzlesolver\puzzlesolver\Evaluation.h(17): warning C4018: '<': signed と unsigned の数値を比較しようとしました。
c:\users\naott\documents\visual studio 2015\projects\procon27\puzzlesolver\puzzlesolver\Evaluation.h(23): warning C4018: '<': signed と unsigned の数値を比較しようとしました。
c:\users\naott\documents\visual studio 2015\projects\procon27\puzzlesolver\puzzlesolver\Evaluation.h(74): warning C4018: '<': signed と unsigned の数値を比較しようとしました。
c:\users\naott\documents\visual studio 2015\projects\procon27\puzzlesolver\puzzlesolver\Evaluation.h(77): warning C4244: '=': 'double' から 'int' への変換です。データが失われる可能性があります。
c:\users\naott\documents\visual studio 2015\projects\procon27\puzzlesolver\puzzlesolver\Evaluation.h(96): warning C4018: '<': signed と unsigned の数値を比較しようとしました。
c:\users\naott\documents\visual studio 2015\projects\procon27\puzzlesolver\puzzlesolver\Evaluation.h(99): warning C4244: '=': 'double' から 'int' への変換です。データが失われる可能性があります。
Solver.cpp(19): warning C4804: '<=': 演算中の 'bool' 型の使用方法が安全ではありません
Solver.cpp(20): warning C4018: '<': signed と unsigned の数値を比較しようとしました。
Solver.cpp(22): warning C4800: 'int': ブール値を 'true' または 'false' に強制的に設定します (警告の処理)
Solver.cpp(36): warning C4018: '<': signed と unsigned の数値を比較しようとしました。
Solver.cpp(39): warning C4800: 'int': ブール値を 'true' または 'false' に強制的に設定します (警告の処理)
Solver.cpp(40): warning C4018: '<': signed と unsigned の数値を比較しようとしました。
Solver.cpp(45): warning C4018: '<': signed と unsigned の数値を比較しようとしました。
Solver.cpp(47): warning C4800: 'int': ブール値を 'true' または 'false' に強制的に設定します (警告の処理)
Solver.cpp(48): warning C4018: '<': signed と unsigned の数値を比較しようとしました。
Solver.cpp(220): warning C4018: '<': signed と unsigned の数値を比較しようとしました。
Solver.cpp(254): warning C4018: '<': signed と unsigned の数値を比較しようとしました。
Solver.cpp(259): warning C4018: '<': signed と unsigned の数値を比較しようとしました。
Solver.cpp(311): warning C4018: '<': signed と unsigned の数値を比較しようとしました。
Solver.cpp(315): warning C4018: '<': signed と unsigned の数値を比較しようとしました。
Solver.cpp(319): warning C4018: '<': signed と unsigned の数値を比較しようとしました。
Solver.cpp(323): warning C4018: '<': signed と unsigned の数値を比較しようとしました。
Solver.cpp(327): warning C4018: '<': signed と unsigned の数値を比較しようとしました。
Solver.cpp(331): warning C4018: '<': signed と unsigned の数値を比較しようとしました。
Solver.cpp(340): warning C4018: '<': signed と unsigned の数値を比較しようとしました。
Solver.cpp(354): warning C4018: '<': signed と unsigned の数値を比較しようとしました。
Solver.cpp(375): warning C4018: '<': signed と unsigned の数値を比較しようとしました。
Solver.cpp(303): warning C4101: 'k': ローカル変数は 1 度も使われていません。
Solver.cpp(391): warning C4018: '<': signed と unsigned の数値を比較しようとしました。
Solver.cpp(402): warning C4018: '<': signed と unsigned の数値を比較しようとしました。
Solver.cpp(403): warning C4018: '>=': signed と unsigned の数値を比較しようとしました。
  SolverBase.cpp
c:\users\naott\documents\visual studio 2015\projects\procon27\puzzlesolver\puzzlesolver\Evaluation.h(17): warning C4018: '<': signed と unsigned の数値を比較しようとしました。
c:\users\naott\documents\visual studio 2015\projects\procon27\puzzlesolver\puzzlesolver\Evaluation.h(23): warning C4018: '<': signed と unsigned の数値を比較しようとしました。
c:\users\naott\documents\visual studio 2015\projects\procon27\puzzlesolver\puzzlesolver\Evaluation.h(74): warning C4018: '<': signed と unsigned の数値を比較しようとしました。
c:\users\naott\documents\visual studio 2015\projects\procon27\puzzlesolver\puzzlesolver\Evaluation.h(77): warning C4244: '=': 'double' から 'int' への変換です。データが失われる可能性があります。
c:\users\naott\documents\visual studio 2015\projects\procon27\puzzlesolver\puzzlesolver\Evaluation.h(96): warning C4018: '<': signed と unsigned の数値を比較しようとしました。
c:\users\naott\documents\visual studio 2015\projects\procon27\puzzlesolver\puzzlesolver\Evaluation.h(99): warning C4244: '=': 'double' から 'int' への変換です。データが失われる可能性があります。
SolverBase.cpp(77): warning C4018: '<': signed と unsigned の数値を比較しようとしました。
SolverBase.cpp(89): warning C4018: '<': signed と unsigned の数値を比較しようとしました。
SolverBase.cpp(116): warning C4018: '<': signed と unsigned の数値を比較しようとしました。
SolverBase.cpp(119): warning C4018: '<': signed と unsigned の数値を比較しようとしました。
SolverBase.cpp(143): warning C4018: '<': signed と unsigned の数値を比較しようとしました。
SolverBase.cpp(161): warning C4018: '<': signed と unsigned の数値を比較しようとしました。
SolverBase.cpp(162): warning C4018: '<': signed と unsigned の数値を比較しようとしました。
SolverBase.cpp(171): warning C4018: '<': signed と unsigned の数値を比較しようとしました。
SolverBase.cpp(172): warning C4018: '<': signed と unsigned の数値を比較しようとしました。
SolverBase.cpp(203): warning C4018: '<': signed と unsigned の数値を比較しようとしました。
SolverBase.cpp(212): warning C4018: '<': signed と unsigned の数値を比較しようとしました。
SolverBase.cpp(220): warning C4018: '<': signed と unsigned の数値を比較しようとしました。
  UserQuery.cpp
c:\users\naott\documents\visual studio 2015\projects\procon27\puzzlesolver\puzzlesolver\Evaluation.h(17): warning C4018: '<': signed と unsigned の数値を比較しようとしました。
c:\users\naott\documents\visual studio 2015\projects\procon27\puzzlesolver\puzzlesolver\Evaluation.h(23): warning C4018: '<': signed と unsigned の数値を比較しようとしました。
c:\users\naott\documents\visual studio 2015\projects\procon27\puzzlesolver\puzzlesolver\Evaluation.h(74): warning C4018: '<': signed と unsigned の数値を比較しようとしました。
c:\users\naott\documents\visual studio 2015\projects\procon27\puzzlesolver\puzzlesolver\Evaluation.h(77): warning C4244: '=': 'double' から 'int' への変換です。データが失われる可能性があります。
c:\users\naott\documents\visual studio 2015\projects\procon27\puzzlesolver\puzzlesolver\Evaluation.h(96): warning C4018: '<': signed と unsigned の数値を比較しようとしました。
c:\users\naott\documents\visual studio 2015\projects\procon27\puzzlesolver\puzzlesolver\Evaluation.h(99): warning C4244: '=': 'double' から 'int' への変換です。データが失われる可能性があります。
UserQuery.cpp(15): warning C4018: '<': signed と unsigned の数値を比較しようとしました。
UserQuery.cpp(26): warning C4018: '<': signed と unsigned の数値を比較しようとしました。
UserQuery.cpp(48): warning C4018: '<': signed と unsigned の数値を比較しようとしました。
UserQuery.cpp(59): warning C4018: '<': signed と unsigned の数値を比較しようとしました。
UserQuery.cpp(190): warning C4018: '<': signed と unsigned の数値を比較しようとしました。
UserQuery.cpp(191): warning C4018: '<': signed と unsigned の数値を比較しようとしました。
  コード生成しています。
  3 of 2198 functions ( 0.1%) were compiled, the rest were copied from previous compilation.
    1 functions were new in current compilation
    0 functions had inline decision re-evaluated but remain unchanged
  コード生成が終了しました。
  PuzzleSolver.vcxproj -> C:\Users\naott\Documents\Visual Studio 2015\Projects\procon27\PuzzleSolver\Release\PuzzleSolver.exe
  PuzzleSolver.vcxproj -> C:\Users\naott\Documents\Visual Studio 2015\Projects\procon27\PuzzleSolver\Release\PuzzleSolver.pdb (Full PDB)
