C:\Program Files\MSBuild\Microsoft.Cpp\v4.0\V140\Microsoft.CppBuild.targets(392,5): warning MSB8028: The intermediate directory (Debug\) contains files shared from another project (PuzzleSolver.vcxproj).  This can lead to incorrect clean and rebuild behavior.
  UserQuery.cpp
c:\users\kawakami\documents\visual studio 2015\projects\puzzlesolver\puzzlesolver\srchand\userquery.cpp(15): warning C4018: '<': signed/unsigned mismatch
c:\users\kawakami\documents\visual studio 2015\projects\puzzlesolver\puzzlesolver\srchand\userquery.cpp(26): warning C4018: '<': signed/unsigned mismatch
c:\users\kawakami\documents\visual studio 2015\projects\puzzlesolver\puzzlesolver\srchand\userquery.cpp(48): warning C4018: '<': signed/unsigned mismatch
c:\users\kawakami\documents\visual studio 2015\projects\puzzlesolver\puzzlesolver\srchand\userquery.cpp(59): warning C4018: '<': signed/unsigned mismatch
c:\users\kawakami\documents\visual studio 2015\projects\puzzlesolver\puzzlesolver\srchand\userquery.cpp(188): warning C4018: '<': signed/unsigned mismatch
c:\users\kawakami\documents\visual studio 2015\projects\puzzlesolver\puzzlesolver\srchand\userquery.cpp(189): warning C4018: '<': signed/unsigned mismatch
  SolverBase.cpp
c:\users\kawakami\documents\visual studio 2015\projects\puzzlesolver\puzzlesolver\srchand\solverbase.cpp(16): warning C4018: '<': signed/unsigned mismatch
c:\users\kawakami\documents\visual studio 2015\projects\puzzlesolver\puzzlesolver\srchand\solverbase.cpp(85): warning C4018: '<': signed/unsigned mismatch
c:\users\kawakami\documents\visual studio 2015\projects\puzzlesolver\puzzlesolver\srchand\solverbase.cpp(110): warning C4018: '<': signed/unsigned mismatch
c:\users\kawakami\documents\visual studio 2015\projects\puzzlesolver\puzzlesolver\srchand\solverbase.cpp(137): warning C4018: '<': signed/unsigned mismatch
c:\users\kawakami\documents\visual studio 2015\projects\puzzlesolver\puzzlesolver\srchand\solverbase.cpp(140): warning C4018: '<': signed/unsigned mismatch
  Solver.cpp
c:\users\kawakami\documents\visual studio 2015\projects\puzzlesolver\puzzlesolver\srchand\solver.cpp(33): warning C4018: '<': signed/unsigned mismatch
c:\users\kawakami\documents\visual studio 2015\projects\puzzlesolver\puzzlesolver\srchand\solver.cpp(38): warning C4018: '<': signed/unsigned mismatch
  Poly.cpp
c:\users\kawakami\documents\visual studio 2015\projects\puzzlesolver\puzzlesolver\srchand\poly.cpp(37): warning C4018: '<': signed/unsigned mismatch
c:\users\kawakami\documents\visual studio 2015\projects\puzzlesolver\puzzlesolver\srchand\poly.cpp(49): warning C4018: '<': signed/unsigned mismatch
c:\users\kawakami\documents\visual studio 2015\projects\puzzlesolver\puzzlesolver\srchand\poly.cpp(53): warning C4018: '<': signed/unsigned mismatch
c:\users\kawakami\documents\visual studio 2015\projects\puzzlesolver\puzzlesolver\srchand\poly.cpp(56): warning C4018: '<': signed/unsigned mismatch
c:\users\kawakami\documents\visual studio 2015\projects\puzzlesolver\puzzlesolver\srchand\poly.cpp(69): warning C4018: '<': signed/unsigned mismatch
c:\users\kawakami\documents\visual studio 2015\projects\puzzlesolver\puzzlesolver\srchand\poly.cpp(73): warning C4018: '<': signed/unsigned mismatch
c:\users\kawakami\documents\visual studio 2015\projects\puzzlesolver\puzzlesolver\srchand\poly.cpp(76): warning C4018: '<': signed/unsigned mismatch
c:\users\kawakami\documents\visual studio 2015\projects\puzzlesolver\puzzlesolver\srchand\poly.cpp(89): warning C4018: '<': signed/unsigned mismatch
c:\users\kawakami\documents\visual studio 2015\projects\puzzlesolver\puzzlesolver\srchand\poly.cpp(90): warning C4018: '<': signed/unsigned mismatch
c:\users\kawakami\documents\visual studio 2015\projects\puzzlesolver\puzzlesolver\srchand\poly.cpp(93): warning C4018: '<': signed/unsigned mismatch
  MargePoly.cpp
c:\users\kawakami\documents\visual studio 2015\projects\puzzlesolver\puzzlesolver\srchand\margepoly.cpp(80): warning C4018: '<': signed/unsigned mismatch
c:\users\kawakami\documents\visual studio 2015\projects\puzzlesolver\puzzlesolver\srchand\margepoly.cpp(84): warning C4018: '<': signed/unsigned mismatch
c:\users\kawakami\documents\visual studio 2015\projects\puzzlesolver\puzzlesolver\srchand\margepoly.cpp(91): warning C4018: '<': signed/unsigned mismatch
c:\users\kawakami\documents\visual studio 2015\projects\puzzlesolver\puzzlesolver\srchand\margepoly.cpp(96): warning C4018: '<': signed/unsigned mismatch
c:\users\kawakami\documents\visual studio 2015\projects\puzzlesolver\puzzlesolver\srchand\margepoly.cpp(132): warning C4018: '<': signed/unsigned mismatch
c:\users\kawakami\documents\visual studio 2015\projects\puzzlesolver\puzzlesolver\srchand\margepoly.cpp(134): warning C4018: '<': signed/unsigned mismatch
c:\users\kawakami\documents\visual studio 2015\projects\puzzlesolver\puzzlesolver\srchand\margepoly.cpp(137): warning C4018: '<': signed/unsigned mismatch
c:\users\kawakami\documents\visual studio 2015\projects\puzzlesolver\puzzlesolver\srchand\margepoly.cpp(183): warning C4018: '<': signed/unsigned mismatch
c:\users\kawakami\documents\visual studio 2015\projects\puzzlesolver\puzzlesolver\srchand\margepoly.cpp(193): warning C4018: '<': signed/unsigned mismatch
c:\users\kawakami\documents\visual studio 2015\projects\puzzlesolver\puzzlesolver\srchand\margepoly.cpp(204): warning C4018: '<': signed/unsigned mismatch
c:\users\kawakami\documents\visual studio 2015\projects\puzzlesolver\puzzlesolver\srchand\margepoly.cpp(284): warning C4018: '<': signed/unsigned mismatch
c:\users\kawakami\documents\visual studio 2015\projects\puzzlesolver\puzzlesolver\srchand\margepoly.cpp(285): warning C4018: '<': signed/unsigned mismatch
c:\users\kawakami\documents\visual studio 2015\projects\puzzlesolver\puzzlesolver\srchand\margepoly.cpp(341): warning C4018: '<': signed/unsigned mismatch
c:\users\kawakami\documents\visual studio 2015\projects\puzzlesolver\puzzlesolver\srchand\margepoly.cpp(360): warning C4018: '<': signed/unsigned mismatch
c:\users\kawakami\documents\visual studio 2015\projects\puzzlesolver\puzzlesolver\srchand\margepoly.cpp(361): warning C4018: '<': signed/unsigned mismatch
  Main.cpp
  Line.cpp
  Extern.cpp
c:\users\kawakami\documents\visual studio 2015\projects\puzzlesolver\puzzlesolver\srchand\extern.cpp(73): warning C4018: '<': signed/unsigned mismatch
c:\users\kawakami\documents\visual studio 2015\projects\puzzlesolver\puzzlesolver\srchand\extern.cpp(75): warning C4018: '<': signed/unsigned mismatch
c:\users\kawakami\documents\visual studio 2015\projects\puzzlesolver\puzzlesolver\srchand\extern.cpp(83): warning C4018: '<': signed/unsigned mismatch
c:\users\kawakami\documents\visual studio 2015\projects\puzzlesolver\puzzlesolver\srchand\extern.cpp(85): warning C4018: '<': signed/unsigned mismatch
c:\users\kawakami\documents\visual studio 2015\projects\puzzlesolver\puzzlesolver\srchand\extern.cpp(96): warning C4018: '<': signed/unsigned mismatch
c:\users\kawakami\documents\visual studio 2015\projects\puzzlesolver\puzzlesolver\srchand\extern.cpp(105): warning C4018: '<': signed/unsigned mismatch
c:\users\kawakami\documents\visual studio 2015\projects\puzzlesolver\puzzlesolver\srchand\extern.cpp(116): warning C4018: '<': signed/unsigned mismatch
c:\users\kawakami\documents\visual studio 2015\projects\puzzlesolver\puzzlesolver\srchand\extern.cpp(127): warning C4018: '<': signed/unsigned mismatch
  PuzzleSolver.vs2015.vcxproj -> C:\Users\Kawakami\Documents\Visual Studio 2015\Projects\PuzzleSolver\Debug\PuzzleSolver.vs2015.exe
  PuzzleSolver.vs2015.vcxproj -> C:\Users\Kawakami\Documents\Visual Studio 2015\Projects\PuzzleSolver\Debug\PuzzleSolver.vs2015.pdb (Full PDB)
